<?xml version="1.0" encoding="UTF-8"?>
<!-- Generated by org.testng.reporters.JUnitXMLReporter -->
<testsuite hostname="saidinesh-mbp" ignored="0" name="Test" tests="13" failures="0" timestamp="03 Sep 2018 10:50:44 GMT" time="0.074" errors="0">
  <testcase name="createUser" time="0.011" classname="com.apps.testpackage.ActiTimescripts"/>
  <testcase name="CraeateTask" time="0.0" classname="com.apps.testpackage.ActiTimescripts"/>
  <testcase name="CraeateTask" time="0.002" classname="com.apps.testpackage.ActiTimescripts"/>
  <testcase name="CraeateTask" time="0.001" classname="com.apps.testpackage.ActiTimescripts"/>
  <testcase name="CraeateTask" time="0.001" classname="com.apps.testpackage.ActiTimescripts"/>
  <testcase name="CraeateTask" time="0.002" classname="com.apps.testpackage.ActiTimescripts"/>
  <testcase name="CraeateTask" time="0.001" classname="com.apps.testpackage.ActiTimescripts"/>
  <testcase name="CraeateTask" time="0.001" classname="com.apps.testpackage.ActiTimescripts"/>
  <testcase name="CraeateTask" time="0.001" classname="com.apps.testpackage.ActiTimescripts"/>
  <testcase name="CraeateTask" time="0.002" classname="com.apps.testpackage.ActiTimescripts"/>
  <testcase name="CraeateTask" time="0.002" classname="com.apps.testpackage.ActiTimescripts"/>
  <testcase name="editUser" time="0.001" classname="com.apps.testpackage.ActiTimescripts"/>
  <testcase name="teleteUser" time="0.004" classname="com.apps.testpackage.ActiTimescripts"/>
</testsuite> <!-- Test -->
