<?xml version="1.0" encoding="UTF-8"?>
<testng-results skipped="0" failed="0" ignored="0" total="1" passed="1">
  <reporter-output>
  </reporter-output>
  <suite name="Selenium" duration-ms="4810" started-at="2018-11-30T10:22:06Z" finished-at="2018-11-30T10:22:10Z">
    <groups>
    </groups>
    <test name="Test" duration-ms="4810" started-at="2018-11-30T10:22:06Z" finished-at="2018-11-30T10:22:10Z">
      <class name="com.apps.testpackage.GoogleHomePageTest">
        <test-method status="PASS" signature="testSetUp()[pri:0, instance:com.apps.testpackage.GoogleHomePageTest@8e24743]" name="testSetUp" is-config="true" duration-ms="1738" started-at="2018-11-30T10:22:06Z" finished-at="2018-11-30T10:22:07Z">
          <reporter-output>
          </reporter-output>
        </test-method> <!-- testSetUp -->
        <test-method status="PASS" signature="verifyGooglePageTittle()[pri:0, instance:com.apps.testpackage.GoogleHomePageTest@8e24743]" name="verifyGooglePageTittle" duration-ms="2962" started-at="2018-11-30T10:22:07Z" finished-at="2018-11-30T10:22:10Z">
          <reporter-output>
          </reporter-output>
        </test-method> <!-- verifyGooglePageTittle -->
        <test-method status="PASS" signature="tearDown()[pri:0, instance:com.apps.testpackage.GoogleHomePageTest@8e24743]" name="tearDown" is-config="true" duration-ms="93" started-at="2018-11-30T10:22:10Z" finished-at="2018-11-30T10:22:10Z">
          <reporter-output>
          </reporter-output>
        </test-method> <!-- tearDown -->
      </class> <!-- com.apps.testpackage.GoogleHomePageTest -->
    </test> <!-- Test -->
  </suite> <!-- Selenium -->
</testng-results>
